{"C:\\Users\\Tiago Taquelim\\dev\\projects\\desktop-automation\\lib\\bin\\filesys.js": {"path":"C:\\Users\\Tiago Taquelim\\dev\\projects\\desktop-automation\\lib\\bin\\filesys.js","statementMap":{"0":{"start":{"line":1,"column":11},"end":{"line":1,"column":24}},"1":{"start":{"line":2,"column":13},"end":{"line":2,"column":28}},"2":{"start":{"line":3,"column":17},"end":{"line":3,"column":37}},"3":{"start":{"line":11,"column":4},"end":{"line":11,"column":54}},"4":{"start":{"line":12,"column":4},"end":{"line":12,"column":46}},"5":{"start":{"line":13,"column":4},"end":{"line":13,"column":42}},"6":{"start":{"line":14,"column":4},"end":{"line":14,"column":53}},"7":{"start":{"line":23,"column":17},"end":{"line":23,"column":36}},"8":{"start":{"line":24,"column":17},"end":{"line":28,"column":5}},"9":{"start":{"line":30,"column":4},"end":{"line":30,"column":35}},"10":{"start":{"line":38,"column":37},"end":{"line":38,"column":41}},"11":{"start":{"line":40,"column":4},"end":{"line":40,"column":21}},"12":{"start":{"line":42,"column":4},"end":{"line":53,"column":5}},"13":{"start":{"line":43,"column":6},"end":{"line":52,"column":7}},"14":{"start":{"line":44,"column":31},"end":{"line":44,"column":66}},"15":{"start":{"line":46,"column":18},"end":{"line":46,"column":51}},"16":{"start":{"line":47,"column":21},"end":{"line":47,"column":75}},"17":{"start":{"line":49,"column":8},"end":{"line":51,"column":9}},"18":{"start":{"line":50,"column":10},"end":{"line":50,"column":42}},"19":{"start":{"line":62,"column":4},"end":{"line":64,"column":37}},"20":{"start":{"line":63,"column":18},"end":{"line":63,"column":52}},"21":{"start":{"line":64,"column":20},"end":{"line":64,"column":36}},"22":{"start":{"line":68,"column":0},"end":{"line":68,"column":24}}},"fnMap":{"0":{"name":"(anonymous_0)","decl":{"start":{"line":9,"column":2},"end":{"line":9,"column":3}},"loc":{"start":{"line":9,"column":24},"end":{"line":15,"column":3}},"line":9},"1":{"name":"(anonymous_1)","decl":{"start":{"line":22,"column":2},"end":{"line":22,"column":3}},"loc":{"start":{"line":22,"column":25},"end":{"line":31,"column":3}},"line":22},"2":{"name":"(anonymous_2)","decl":{"start":{"line":37,"column":2},"end":{"line":37,"column":3}},"loc":{"start":{"line":37,"column":18},"end":{"line":54,"column":3}},"line":37},"3":{"name":"(anonymous_3)","decl":{"start":{"line":61,"column":2},"end":{"line":61,"column":3}},"loc":{"start":{"line":61,"column":35},"end":{"line":65,"column":3}},"line":61},"4":{"name":"(anonymous_4)","decl":{"start":{"line":63,"column":12},"end":{"line":63,"column":13}},"loc":{"start":{"line":63,"column":18},"end":{"line":63,"column":52}},"line":63},"5":{"name":"(anonymous_5)","decl":{"start":{"line":64,"column":13},"end":{"line":64,"column":14}},"loc":{"start":{"line":64,"column":20},"end":{"line":64,"column":36}},"line":64}},"branchMap":{"0":{"loc":{"start":{"line":30,"column":4},"end":{"line":30,"column":35}},"type":"binary-expr","locations":[{"start":{"line":30,"column":4},"end":{"line":30,"column":12}},{"start":{"line":30,"column":16},"end":{"line":30,"column":35}}],"line":30},"1":{"loc":{"start":{"line":43,"column":6},"end":{"line":52,"column":7}},"type":"if","locations":[{"start":{"line":43,"column":6},"end":{"line":52,"column":7}},{"start":{"line":43,"column":6},"end":{"line":52,"column":7}}],"line":43},"2":{"loc":{"start":{"line":49,"column":8},"end":{"line":51,"column":9}},"type":"if","locations":[{"start":{"line":49,"column":8},"end":{"line":51,"column":9}},{"start":{"line":49,"column":8},"end":{"line":51,"column":9}}],"line":49}},"s":{"0":1,"1":1,"2":1,"3":0,"4":0,"5":0,"6":0,"7":0,"8":0,"9":0,"10":0,"11":0,"12":0,"13":0,"14":0,"15":0,"16":0,"17":0,"18":0,"19":1,"20":0,"21":0,"22":1},"f":{"0":0,"1":0,"2":0,"3":1,"4":0,"5":0},"b":{"0":[0,0],"1":[0,0],"2":[0,0]},"_coverageSchema":"43e27e138ebf9cfc5966b082cf9a028302ed4184","hash":"4972279b28ed6622bb060969e3c1b87f5b6eb978"}
}
